nohup: ignoring input
warning: `VIRTUAL_ENV=.venv` does not match the project environment path `/home/operator_2/se-toolkit-lab-7/.venv` and will be ignored; use `--active` to target the active environment instead
INFO:__main__:Bot token configured: True
INFO:__main__:LMS API URL: http://localhost:42002
INFO:__main__:Bot is starting...
INFO:aiogram.dispatcher:Start polling
INFO:aiogram.dispatcher:Run polling for bot @meinFFuhrer_bot id=7695711109 - 'Standartenführer'
INFO:httpx:HTTP Request: GET http://localhost:42002/items/ "HTTP/1.1 200 OK"
INFO:httpx:HTTP Request: GET http://localhost:42002/items/ "HTTP/1.1 200 OK"
INFO:aiogram.event:Update id=729467333 is handled. Duration 5096 ms by bot id=7695711109
INFO:aiogram.event:Update id=729467334 is handled. Duration 4411 ms by bot id=7695711109
INFO:aiogram.event:Update id=729467335 is handled. Duration 543 ms by bot id=7695711109
INFO:httpx:HTTP Request: GET http://localhost:42002/items/ "HTTP/1.1 200 OK"
INFO:httpx:HTTP Request: GET http://localhost:42002/analytics/pass-rates?lab=Lab+04+%E2%80%94+Testing%2C+Front-end%2C+and+AI+Agents "HTTP/1.1 200 OK"
INFO:aiogram.event:Update id=729467336 is handled. Duration 1598 ms by bot id=7695711109
INFO:aiogram.event:Update id=729467331 is not handled. Duration 60069 ms by bot id=7695711109
ERROR:aiogram.event:Cause exception while process update id=729467331 by bot id=7695711109
TelegramNetworkError: HTTP Client says - ClientConnectorError: Cannot connect to host api.telegram.org:443 ssl:default [None]
Traceback (most recent call last):
  File "/home/operator_2/se-toolkit-lab-7/.venv/lib/python3.14/site-packages/aiohttp/connector.py", line 1313, in _wrap_create_connection
    return await self._loop.create_connection(*args, **kwargs, sock=sock)
           ^^^^^^^^^^^^^^^^^^^^^^^^^^^^^^^^^^^^^^^^^^^^^^^^^^^^^^^^^^^^^^
  File "/home/operator_2/.local/share/uv/python/cpython-3.14.2-linux-x86_64-gnu/lib/python3.14/asyncio/base_events.py", line 1198, in create_connection
    transport, protocol = await self._create_connection_transport(
                          ^^^^^^^^^^^^^^^^^^^^^^^^^^^^^^^^^^^^^^^^
    ...<2 lines>...
        ssl_shutdown_timeout=ssl_shutdown_timeout)
        ^^^^^^^^^^^^^^^^^^^^^^^^^^^^^^^^^^^^^^^^^^
  File "/home/operator_2/.local/share/uv/python/cpython-3.14.2-linux-x86_64-gnu/lib/python3.14/asyncio/base_events.py", line 1231, in _create_connection_transport
    await waiter
ConnectionAbortedError: SSL handshake is taking longer than 60.0 seconds: aborting the connection

The above exception was the direct cause of the following exception:

Traceback (most recent call last):
  File "/home/operator_2/se-toolkit-lab-7/.venv/lib/python3.14/site-packages/aiogram/client/session/aiohttp.py", line 167, in make_request
    async with session.post(
               ~~~~~~~~~~~~^
        url,
        ^^^^
        data=form,
        ^^^^^^^^^^
        timeout=self.timeout if timeout is None else timeout,
        ^^^^^^^^^^^^^^^^^^^^^^^^^^^^^^^^^^^^^^^^^^^^^^^^^^^^^
    ) as resp:
    ^
  File "/home/operator_2/se-toolkit-lab-7/.venv/lib/python3.14/site-packages/aiohttp/client.py", line 1510, in __aenter__
    self._resp: _RetType = await self._coro
                           ^^^^^^^^^^^^^^^^
  File "/home/operator_2/se-toolkit-lab-7/.venv/lib/python3.14/site-packages/aiohttp/client.py", line 779, in _request
    resp = await handler(req)
           ^^^^^^^^^^^^^^^^^^
  File "/home/operator_2/se-toolkit-lab-7/.venv/lib/python3.14/site-packages/aiohttp/client.py", line 734, in _connect_and_send_request
    conn = await self._connector.connect(
           ^^^^^^^^^^^^^^^^^^^^^^^^^^^^^^
        req, traces=traces, timeout=real_timeout
        ^^^^^^^^^^^^^^^^^^^^^^^^^^^^^^^^^^^^^^^^
    )
    ^
  File "/home/operator_2/se-toolkit-lab-7/.venv/lib/python3.14/site-packages/aiohttp/connector.py", line 672, in connect
    proto = await self._create_connection(req, traces, timeout)
            ^^^^^^^^^^^^^^^^^^^^^^^^^^^^^^^^^^^^^^^^^^^^^^^^^^^
  File "/home/operator_2/se-toolkit-lab-7/.venv/lib/python3.14/site-packages/aiohttp/connector.py", line 1239, in _create_connection
    _, proto = await self._create_direct_connection(req, traces, timeout)
               ^^^^^^^^^^^^^^^^^^^^^^^^^^^^^^^^^^^^^^^^^^^^^^^^^^^^^^^^^^
  File "/home/operator_2/se-toolkit-lab-7/.venv/lib/python3.14/site-packages/aiohttp/connector.py", line 1611, in _create_direct_connection
    raise last_exc
  File "/home/operator_2/se-toolkit-lab-7/.venv/lib/python3.14/site-packages/aiohttp/connector.py", line 1580, in _create_direct_connection
    transp, proto = await self._wrap_create_connection(
                    ^^^^^^^^^^^^^^^^^^^^^^^^^^^^^^^^^^^
    ...<7 lines>...
    )
    ^
  File "/home/operator_2/se-toolkit-lab-7/.venv/lib/python3.14/site-packages/aiohttp/connector.py", line 1321, in _wrap_create_connection
    raise client_error(req.connection_key, exc) from exc
aiohttp.client_exceptions.ClientConnectorError: Cannot connect to host api.telegram.org:443 ssl:default [None]

The above exception was the direct cause of the following exception:

Traceback (most recent call last):
  File "/home/operator_2/se-toolkit-lab-7/.venv/lib/python3.14/site-packages/aiogram/dispatcher/dispatcher.py", line 320, in _process_update
    response = await self.feed_update(bot, update, **kwargs)
               ^^^^^^^^^^^^^^^^^^^^^^^^^^^^^^^^^^^^^^^^^^^^^
  File "/home/operator_2/se-toolkit-lab-7/.venv/lib/python3.14/site-packages/aiogram/dispatcher/dispatcher.py", line 164, in feed_update
    response = await self.update.wrap_outer_middleware(
               ^^^^^^^^^^^^^^^^^^^^^^^^^^^^^^^^^^^^^^^^
    ...<7 lines>...
    )
    ^
  File "/home/operator_2/se-toolkit-lab-7/.venv/lib/python3.14/site-packages/aiogram/dispatcher/middlewares/error.py", line 27, in __call__
    return await handler(event, data)
           ^^^^^^^^^^^^^^^^^^^^^^^^^^
  File "/home/operator_2/se-toolkit-lab-7/.venv/lib/python3.14/site-packages/aiogram/dispatcher/middlewares/user_context.py", line 58, in __call__
    return await handler(event, data)
           ^^^^^^^^^^^^^^^^^^^^^^^^^^
  File "/home/operator_2/se-toolkit-lab-7/.venv/lib/python3.14/site-packages/aiogram/fsm/middleware.py", line 43, in __call__
    return await handler(event, data)
           ^^^^^^^^^^^^^^^^^^^^^^^^^^
  File "/home/operator_2/se-toolkit-lab-7/.venv/lib/python3.14/site-packages/aiogram/dispatcher/event/telegram.py", line 126, in trigger
    return await wrapped_inner(event, kwargs)
           ^^^^^^^^^^^^^^^^^^^^^^^^^^^^^^^^^^
  File "/home/operator_2/se-toolkit-lab-7/.venv/lib/python3.14/site-packages/aiogram/dispatcher/event/handler.py", line 71, in call
    return await wrapped()
           ^^^^^^^^^^^^^^^
  File "/home/operator_2/se-toolkit-lab-7/.venv/lib/python3.14/site-packages/aiogram/dispatcher/dispatcher.py", line 283, in _listen_update
    return await self.propagate_event(update_type=update_type, event=event, **kwargs)
           ^^^^^^^^^^^^^^^^^^^^^^^^^^^^^^^^^^^^^^^^^^^^^^^^^^^^^^^^^^^^^^^^^^^^^^^^^^
  File "/home/operator_2/se-toolkit-lab-7/.venv/lib/python3.14/site-packages/aiogram/dispatcher/router.py", line 161, in propagate_event
    return await observer.wrap_outer_middleware(_wrapped, event=event, data=kwargs)
           ^^^^^^^^^^^^^^^^^^^^^^^^^^^^^^^^^^^^^^^^^^^^^^^^^^^^^^^^^^^^^^^^^^^^^^^^
  File "/home/operator_2/se-toolkit-lab-7/.venv/lib/python3.14/site-packages/aiogram/dispatcher/router.py", line 153, in _wrapped
    return await self._propagate_event(
           ^^^^^^^^^^^^^^^^^^^^^^^^^^^^
    ...<4 lines>...
    )
    ^
  File "/home/operator_2/se-toolkit-lab-7/.venv/lib/python3.14/site-packages/aiogram/dispatcher/router.py", line 181, in _propagate_event
    response = await observer.trigger(event, **kwargs)
               ^^^^^^^^^^^^^^^^^^^^^^^^^^^^^^^^^^^^^^^
  File "/home/operator_2/se-toolkit-lab-7/.venv/lib/python3.14/site-packages/aiogram/dispatcher/event/telegram.py", line 126, in trigger
    return await wrapped_inner(event, kwargs)
           ^^^^^^^^^^^^^^^^^^^^^^^^^^^^^^^^^^
  File "/home/operator_2/se-toolkit-lab-7/.venv/lib/python3.14/site-packages/aiogram/dispatcher/event/handler.py", line 71, in call
    return await wrapped()
           ^^^^^^^^^^^^^^^
  File "/home/operator_2/se-toolkit-lab-7/bot/bot.py", line 65, in start_command
    await message.answer(response)
  File "/home/operator_2/se-toolkit-lab-7/.venv/lib/python3.14/site-packages/aiogram/methods/base.py", line 82, in emit
    return await bot(self)
           ^^^^^^^^^^^^^^^
  File "/home/operator_2/se-toolkit-lab-7/.venv/lib/python3.14/site-packages/aiogram/client/bot.py", line 488, in __call__
    return await self.session(self, method, timeout=request_timeout)
           ^^^^^^^^^^^^^^^^^^^^^^^^^^^^^^^^^^^^^^^^^^^^^^^^^^^^^^^^^
  File "/home/operator_2/se-toolkit-lab-7/.venv/lib/python3.14/site-packages/aiogram/client/session/base.py", line 259, in __call__
    return cast(TelegramType, await middleware(bot, method))
                              ^^^^^^^^^^^^^^^^^^^^^^^^^^^^^
  File "/home/operator_2/se-toolkit-lab-7/.venv/lib/python3.14/site-packages/aiogram/client/session/aiohttp.py", line 176, in make_request
    raise TelegramNetworkError(method=method, message=f"{type(e).__name__}: {e}") from e
aiogram.exceptions.TelegramNetworkError: HTTP Client says - ClientConnectorError: Cannot connect to host api.telegram.org:443 ssl:default [None]
INFO:httpx:HTTP Request: GET http://localhost:42002/items/ "HTTP/1.1 200 OK"
INFO:aiogram.event:Update id=729467332 is not handled. Duration 60127 ms by bot id=7695711109
ERROR:aiogram.event:Cause exception while process update id=729467332 by bot id=7695711109
TelegramNetworkError: HTTP Client says - ClientConnectorError: Cannot connect to host api.telegram.org:443 ssl:default [None]
Traceback (most recent call last):
  File "/home/operator_2/se-toolkit-lab-7/.venv/lib/python3.14/site-packages/aiohttp/connector.py", line 1313, in _wrap_create_connection
    return await self._loop.create_connection(*args, **kwargs, sock=sock)
           ^^^^^^^^^^^^^^^^^^^^^^^^^^^^^^^^^^^^^^^^^^^^^^^^^^^^^^^^^^^^^^
  File "/home/operator_2/.local/share/uv/python/cpython-3.14.2-linux-x86_64-gnu/lib/python3.14/asyncio/base_events.py", line 1198, in create_connection
    transport, protocol = await self._create_connection_transport(
                          ^^^^^^^^^^^^^^^^^^^^^^^^^^^^^^^^^^^^^^^^
    ...<2 lines>...
        ssl_shutdown_timeout=ssl_shutdown_timeout)
        ^^^^^^^^^^^^^^^^^^^^^^^^^^^^^^^^^^^^^^^^^^
  File "/home/operator_2/.local/share/uv/python/cpython-3.14.2-linux-x86_64-gnu/lib/python3.14/asyncio/base_events.py", line 1231, in _create_connection_transport
    await waiter
ConnectionAbortedError: SSL handshake is taking longer than 60.0 seconds: aborting the connection

The above exception was the direct cause of the following exception:

Traceback (most recent call last):
  File "/home/operator_2/se-toolkit-lab-7/.venv/lib/python3.14/site-packages/aiogram/client/session/aiohttp.py", line 167, in make_request
    async with session.post(
               ~~~~~~~~~~~~^
        url,
        ^^^^
        data=form,
        ^^^^^^^^^^
        timeout=self.timeout if timeout is None else timeout,
        ^^^^^^^^^^^^^^^^^^^^^^^^^^^^^^^^^^^^^^^^^^^^^^^^^^^^^
    ) as resp:
    ^
  File "/home/operator_2/se-toolkit-lab-7/.venv/lib/python3.14/site-packages/aiohttp/client.py", line 1510, in __aenter__
    self._resp: _RetType = await self._coro
                           ^^^^^^^^^^^^^^^^
  File "/home/operator_2/se-toolkit-lab-7/.venv/lib/python3.14/site-packages/aiohttp/client.py", line 779, in _request
    resp = await handler(req)
           ^^^^^^^^^^^^^^^^^^
  File "/home/operator_2/se-toolkit-lab-7/.venv/lib/python3.14/site-packages/aiohttp/client.py", line 734, in _connect_and_send_request
    conn = await self._connector.connect(
           ^^^^^^^^^^^^^^^^^^^^^^^^^^^^^^
        req, traces=traces, timeout=real_timeout
        ^^^^^^^^^^^^^^^^^^^^^^^^^^^^^^^^^^^^^^^^
    )
    ^
  File "/home/operator_2/se-toolkit-lab-7/.venv/lib/python3.14/site-packages/aiohttp/connector.py", line 672, in connect
    proto = await self._create_connection(req, traces, timeout)
            ^^^^^^^^^^^^^^^^^^^^^^^^^^^^^^^^^^^^^^^^^^^^^^^^^^^
  File "/home/operator_2/se-toolkit-lab-7/.venv/lib/python3.14/site-packages/aiohttp/connector.py", line 1239, in _create_connection
    _, proto = await self._create_direct_connection(req, traces, timeout)
               ^^^^^^^^^^^^^^^^^^^^^^^^^^^^^^^^^^^^^^^^^^^^^^^^^^^^^^^^^^
  File "/home/operator_2/se-toolkit-lab-7/.venv/lib/python3.14/site-packages/aiohttp/connector.py", line 1611, in _create_direct_connection
    raise last_exc
  File "/home/operator_2/se-toolkit-lab-7/.venv/lib/python3.14/site-packages/aiohttp/connector.py", line 1580, in _create_direct_connection
    transp, proto = await self._wrap_create_connection(
                    ^^^^^^^^^^^^^^^^^^^^^^^^^^^^^^^^^^^
    ...<7 lines>...
    )
    ^
  File "/home/operator_2/se-toolkit-lab-7/.venv/lib/python3.14/site-packages/aiohttp/connector.py", line 1321, in _wrap_create_connection
    raise client_error(req.connection_key, exc) from exc
aiohttp.client_exceptions.ClientConnectorError: Cannot connect to host api.telegram.org:443 ssl:default [None]

The above exception was the direct cause of the following exception:

Traceback (most recent call last):
  File "/home/operator_2/se-toolkit-lab-7/.venv/lib/python3.14/site-packages/aiogram/dispatcher/dispatcher.py", line 320, in _process_update
    response = await self.feed_update(bot, update, **kwargs)
               ^^^^^^^^^^^^^^^^^^^^^^^^^^^^^^^^^^^^^^^^^^^^^
  File "/home/operator_2/se-toolkit-lab-7/.venv/lib/python3.14/site-packages/aiogram/dispatcher/dispatcher.py", line 164, in feed_update
    response = await self.update.wrap_outer_middleware(
               ^^^^^^^^^^^^^^^^^^^^^^^^^^^^^^^^^^^^^^^^
    ...<7 lines>...
    )
    ^
  File "/home/operator_2/se-toolkit-lab-7/.venv/lib/python3.14/site-packages/aiogram/dispatcher/middlewares/error.py", line 27, in __call__
    return await handler(event, data)
           ^^^^^^^^^^^^^^^^^^^^^^^^^^
  File "/home/operator_2/se-toolkit-lab-7/.venv/lib/python3.14/site-packages/aiogram/dispatcher/middlewares/user_context.py", line 58, in __call__
    return await handler(event, data)
           ^^^^^^^^^^^^^^^^^^^^^^^^^^
  File "/home/operator_2/se-toolkit-lab-7/.venv/lib/python3.14/site-packages/aiogram/fsm/middleware.py", line 43, in __call__
    return await handler(event, data)
           ^^^^^^^^^^^^^^^^^^^^^^^^^^
  File "/home/operator_2/se-toolkit-lab-7/.venv/lib/python3.14/site-packages/aiogram/dispatcher/event/telegram.py", line 126, in trigger
    return await wrapped_inner(event, kwargs)
           ^^^^^^^^^^^^^^^^^^^^^^^^^^^^^^^^^^
  File "/home/operator_2/se-toolkit-lab-7/.venv/lib/python3.14/site-packages/aiogram/dispatcher/event/handler.py", line 71, in call
    return await wrapped()
           ^^^^^^^^^^^^^^^
  File "/home/operator_2/se-toolkit-lab-7/.venv/lib/python3.14/site-packages/aiogram/dispatcher/dispatcher.py", line 283, in _listen_update
    return await self.propagate_event(update_type=update_type, event=event, **kwargs)
           ^^^^^^^^^^^^^^^^^^^^^^^^^^^^^^^^^^^^^^^^^^^^^^^^^^^^^^^^^^^^^^^^^^^^^^^^^^
  File "/home/operator_2/se-toolkit-lab-7/.venv/lib/python3.14/site-packages/aiogram/dispatcher/router.py", line 161, in propagate_event
    return await observer.wrap_outer_middleware(_wrapped, event=event, data=kwargs)
           ^^^^^^^^^^^^^^^^^^^^^^^^^^^^^^^^^^^^^^^^^^^^^^^^^^^^^^^^^^^^^^^^^^^^^^^^
  File "/home/operator_2/se-toolkit-lab-7/.venv/lib/python3.14/site-packages/aiogram/dispatcher/router.py", line 153, in _wrapped
    return await self._propagate_event(
           ^^^^^^^^^^^^^^^^^^^^^^^^^^^^
    ...<4 lines>...
    )
    ^
  File "/home/operator_2/se-toolkit-lab-7/.venv/lib/python3.14/site-packages/aiogram/dispatcher/router.py", line 181, in _propagate_event
    response = await observer.trigger(event, **kwargs)
               ^^^^^^^^^^^^^^^^^^^^^^^^^^^^^^^^^^^^^^^
  File "/home/operator_2/se-toolkit-lab-7/.venv/lib/python3.14/site-packages/aiogram/dispatcher/event/telegram.py", line 126, in trigger
    return await wrapped_inner(event, kwargs)
           ^^^^^^^^^^^^^^^^^^^^^^^^^^^^^^^^^^
  File "/home/operator_2/se-toolkit-lab-7/.venv/lib/python3.14/site-packages/aiogram/dispatcher/event/handler.py", line 71, in call
    return await wrapped()
           ^^^^^^^^^^^^^^^
  File "/home/operator_2/se-toolkit-lab-7/bot/bot.py", line 77, in health_command
    await message.answer(response)
  File "/home/operator_2/se-toolkit-lab-7/.venv/lib/python3.14/site-packages/aiogram/methods/base.py", line 82, in emit
    return await bot(self)
           ^^^^^^^^^^^^^^^
  File "/home/operator_2/se-toolkit-lab-7/.venv/lib/python3.14/site-packages/aiogram/client/bot.py", line 488, in __call__
    return await self.session(self, method, timeout=request_timeout)
           ^^^^^^^^^^^^^^^^^^^^^^^^^^^^^^^^^^^^^^^^^^^^^^^^^^^^^^^^^
  File "/home/operator_2/se-toolkit-lab-7/.venv/lib/python3.14/site-packages/aiogram/client/session/base.py", line 259, in __call__
    return cast(TelegramType, await middleware(bot, method))
                              ^^^^^^^^^^^^^^^^^^^^^^^^^^^^^
  File "/home/operator_2/se-toolkit-lab-7/.venv/lib/python3.14/site-packages/aiogram/client/session/aiohttp.py", line 176, in make_request
    raise TelegramNetworkError(method=method, message=f"{type(e).__name__}: {e}") from e
aiogram.exceptions.TelegramNetworkError: HTTP Client says - ClientConnectorError: Cannot connect to host api.telegram.org:443 ssl:default [None]
INFO:aiogram.event:Update id=729467337 is handled. Duration 910 ms by bot id=7695711109
